<?xml version="1.0" encoding="UTF-8"?>
<!-- Generated by org.testng.reporters.JUnitReportReporter -->
<testsuite hostname="LAPTOP-PMUF96FM" failures="1" tests="7" name="TestCases.Inventory_page_2_Test" time="23.028" errors="0" timestamp="2023-12-01T20:18:38 IST" skipped="0">
  <testcase classname="TestCases.Inventory_page_2_Test" name="add6ProductsTest" time="2.762"/>
  <system-out>
    <![CDATA[Total products added to cart = 6]]>
  </system-out>
  <testcase classname="TestCases.Inventory_page_2_Test" name="verifyProductLableTest" time="2.630"/>
  <system-out>
    <![CDATA[Lable of Inventory page = Products]]>
  </system-out>
  <testcase classname="TestCases.Inventory_page_2_Test" name="verifyLinkdinLogoTest" time="2.419"/>
  <system-out>
    <![CDATA[visibility of Linkdin logo = true]]>
  </system-out>
  <testcase classname="TestCases.Inventory_page_2_Test" name="verifyTwitterLogoTest" time="2.514"/>
  <system-out>
    <![CDATA[visibility of twitter logo = true]]>
  </system-out>
  <testcase classname="TestCases.Inventory_page_2_Test" name="verifyAppLogoTest" time="3.030"/>
  <system-out>
    <![CDATA[Logo of Inventory page = Swag Labs]]>
  </system-out>
  <testcase classname="TestCases.Inventory_page_2_Test" name="remove6ProductsTest" time="4.972">
    <failure message="expected [] but found [1]" type="java.lang.AssertionError">
      <![CDATA[java.lang.AssertionError: expected [] but found [1]
at org.testng.Assert.fail(Assert.java:110)
at org.testng.Assert.failNotEquals(Assert.java:1577)
at org.testng.Assert.assertEqualsImpl(Assert.java:149)
at org.testng.Assert.assertEquals(Assert.java:131)
at org.testng.Assert.assertEquals(Assert.java:655)
at org.testng.Assert.assertEquals(Assert.java:665)
at TestCases.Inventory_page_2_Test.remove6ProductsTest(Inventory_page_2_Test.java:77)
at java.base/jdk.internal.reflect.NativeMethodAccessorImpl.invoke0(Native Method)
at java.base/jdk.internal.reflect.NativeMethodAccessorImpl.invoke(NativeMethodAccessorImpl.java:77)
at java.base/jdk.internal.reflect.DelegatingMethodAccessorImpl.invoke(DelegatingMethodAccessorImpl.java:43)
at java.base/java.lang.reflect.Method.invoke(Method.java:568)
at org.testng.internal.invokers.MethodInvocationHelper.invokeMethod(MethodInvocationHelper.java:139)
at org.testng.internal.invokers.TestInvoker.invokeMethod(TestInvoker.java:677)
at org.testng.internal.invokers.TestInvoker.invokeTestMethod(TestInvoker.java:221)
at org.testng.internal.invokers.MethodRunner.runInSequence(MethodRunner.java:50)
at org.testng.internal.invokers.TestInvoker$MethodInvocationAgent.invoke(TestInvoker.java:969)
at org.testng.internal.invokers.TestInvoker.invokeTestMethods(TestInvoker.java:194)
at org.testng.internal.invokers.TestMethodWorker.invokeTestMethods(TestMethodWorker.java:148)
at org.testng.internal.invokers.TestMethodWorker.run(TestMethodWorker.java:128)
at java.base/java.util.ArrayList.forEach(ArrayList.java:1511)
at org.testng.TestRunner.privateRun(TestRunner.java:829)
at org.testng.TestRunner.run(TestRunner.java:602)
at org.testng.SuiteRunner.runTest(SuiteRunner.java:437)
at org.testng.SuiteRunner.runSequentially(SuiteRunner.java:431)
at org.testng.SuiteRunner.privateRun(SuiteRunner.java:391)
at org.testng.SuiteRunner.run(SuiteRunner.java:330)
at org.testng.SuiteRunnerWorker.runSuite(SuiteRunnerWorker.java:52)
at org.testng.SuiteRunnerWorker.run(SuiteRunnerWorker.java:95)
at org.testng.TestNG.runSuitesSequentially(TestNG.java:1256)
at org.testng.TestNG.runSuitesLocally(TestNG.java:1176)
at org.testng.TestNG.runSuites(TestNG.java:1099)
at org.testng.TestNG.run(TestNG.java:1067)
at org.testng.remote.AbstractRemoteTestNG.run(AbstractRemoteTestNG.java:115)
at org.testng.remote.RemoteTestNG.initAndRun(RemoteTestNG.java:251)
at org.testng.remote.RemoteTestNG.main(RemoteTestNG.java:77)
]]>
    </failure>
  </testcase> <!-- remove6ProductsTest -->
  <system-out/>
  <testcase classname="TestCases.Inventory_page_2_Test" name="verifyFacebookLogoTest" time="4.701"/>
  <system-out>
    <![CDATA[visibility of facebook logo = true]]>
  </system-out>
</testsuite> <!-- TestCases.Inventory_page_2_Test -->
